<?xml version="1.0" encoding="UTF-8"?>
<!-- Generated by org.testng.reporters.JUnitReportReporter -->
<testsuite name="caratlane2" tests="1" failures="0" timestamp="19 Oct 2017 05:23:21 GMT" time="29.367" errors="0">
  <testcase name="caratLaneTest2" time="29.367" classname="caratlane2"/>
</testsuite> <!-- caratlane2 -->
