<?xml version="1.0" encoding="UTF-8"?>
<!-- Generated by org.testng.reporters.JUnitReportReporter -->
<testsuite hostname="QSP-028" name="Craftsvilla.CraftsvillaTest" tests="1" failures="0" timestamp="28 Oct 2017 05:13:42 GMT" time="27.743" errors="0">
  <testcase name="craftsvillaTest" time="27.743" classname="Craftsvilla.CraftsvillaTest"/>
</testsuite> <!-- Craftsvilla.CraftsvillaTest -->
